\BOOKMARK [1][-]{Abstract.1}{\376\377\000A\000b\000s\000t\000r\000a\000c\000t}{}
\BOOKMARK [0][]{chapter.1}{\376\377\0001\000\040\000I\000n\000t\000r\000o\000d\000u\000c\000t\000i\000o\000n}{}
\BOOKMARK [-1][]{part.1}{\376\377\000T\000h\000e\000o\000r\000y\000\040\000R\000e\000v\000i\000e\000w}{}
\BOOKMARK [0][]{chapter.2}{\376\377\0002\000\040\000E\000l\000e\000c\000t\000r\000o\000n\000i\000c\000\040\000P\000r\000o\000p\000e\000r\000t\000i\000e\000s\000\040\000o\000f\000\040\000S\000e\000m\000i\000c\000o\000n\000d\000u\000c\000t\000o\000r\000s}{part.1}
\BOOKMARK [1][-]{section.2.1}{\376\377\0002\000.\0001\000\040\000C\000r\000y\000s\000t\000a\000l\000\040\000S\000c\000h\000r\000\366\000d\000i\000n\000g\000e\000r\000\040\000E\000q\000u\000a\000t\000i\000o\000n}{chapter.2}
\BOOKMARK [2][-]{subsection.2.1.1}{\376\377\0002\000.\0001\000.\0001\000\040\000I\000n\000t\000r\000o\000d\000u\000c\000t\000i\000o\000n}{section.2.1}
\BOOKMARK [2][-]{subsection.2.1.2}{\376\377\0002\000.\0001\000.\0002\000\040\000B\000l\000o\000c\000h\000'\000s\000\040\000T\000h\000e\000o\000r\000e\000m}{section.2.1}
\BOOKMARK [2][-]{subsection.2.1.3}{\376\377\0002\000.\0001\000.\0003\000\040\000T\000h\000e\000\040\000k\000p\000\040\000M\000e\000t\000h\000o\000d}{section.2.1}
\BOOKMARK [1][-]{section.2.2}{\376\377\0002\000.\0002\000\040\000T\000h\000e\000\040\000k\000p\000\040\000E\000n\000v\000e\000l\000o\000p\000e\000\040\000F\000u\000n\000c\000t\000i\000o\000n\000\040\000M\000e\000t\000h\000o\000d}{chapter.2}
\BOOKMARK [2][-]{subsection.2.2.1}{\376\377\0002\000.\0002\000.\0001\000\040\000I\000n\000t\000r\000o\000d\000u\000c\000t\000i\000o\000n}{section.2.2}
\BOOKMARK [2][-]{subsection.2.2.2}{\376\377\0002\000.\0002\000.\0002\000\040\000k\000p\000\040\000E\000n\000v\000e\000l\000o\000p\000e\000\040\000F\000u\000n\000c\000t\000i\000o\000n\000\040\000A\000n\000s\000a\000t\000z}{section.2.2}
\BOOKMARK [2][-]{subsection.2.2.3}{\376\377\0002\000.\0002\000.\0003\000\040\000T\000h\000e\000\040\000Z\000i\000n\000c\000-\000b\000l\000e\000n\000d\000e\000\040\000M\000o\000d\000e\000l\000s}{section.2.2}
\BOOKMARK [2][-]{subsection.2.2.4}{\376\377\0002\000.\0002\000.\0004\000\040\000T\000w\000o\000\040\000B\000a\000n\000d\000\040\000M\000o\000d\000e\000l}{section.2.2}
\BOOKMARK [1][-]{section.2.3}{\376\377\0002\000.\0003\000\040\000S\000c\000h\000r\000\366\000d\000i\000n\000g\000e\000r\000-\000P\000o\000i\000s\000s\000o\000n\000\040\000M\000o\000d\000e\000l}{chapter.2}
\BOOKMARK [0][]{chapter.3}{\376\377\0003\000\040\000F\000r\000e\000e\000\040\000C\000a\000r\000r\000i\000e\000r\000s\000\040\000O\000p\000t\000i\000c\000a\000l\000\040\000T\000r\000a\000n\000s\000i\000t\000i\000o\000n\000s}{part.1}
\BOOKMARK [1][-]{section.3.1}{\376\377\0003\000.\0001\000\040\000S\000e\000c\000o\000n\000d\000\040\000Q\000u\000a\000n\000t\000i\000z\000a\000t\000i\000o\000n}{chapter.3}
\BOOKMARK [2][-]{subsection.3.1.1}{\376\377\0003\000.\0001\000.\0001\000\040\000I\000n\000t\000r\000o\000d\000u\000c\000t\000i\000o\000n}{section.3.1}
\BOOKMARK [2][-]{subsection.3.1.2}{\376\377\0003\000.\0001\000.\0002\000\040\000B\000l\000o\000c\000h\000\040\000S\000t\000a\000t\000e\000s\000\040\000F\000o\000r\000m\000u\000l\000a\000t\000i\000o\000n}{section.3.1}
\BOOKMARK [2][-]{subsection.3.1.3}{\376\377\0003\000.\0001\000.\0003\000\040\000H\000o\000l\000e\000s}{section.3.1}
\BOOKMARK [2][-]{subsection.3.1.4}{\376\377\0003\000.\0001\000.\0004\000\040\000C\000a\000r\000r\000i\000e\000r\000\040\000S\000t\000a\000t\000i\000s\000t\000i\000c\000s}{section.3.1}
\BOOKMARK [1][-]{section.3.2}{\376\377\0003\000.\0002\000\040\000T\000r\000a\000n\000s\000i\000t\000i\000o\000n\000s\000\040\000C\000a\000l\000c\000u\000l\000a\000t\000i\000o\000n}{chapter.3}
\BOOKMARK [2][-]{subsection.3.2.1}{\376\377\0003\000.\0002\000.\0001\000\040\000I\000n\000t\000r\000o\000d\000u\000c\000t\000i\000o\000n}{section.3.2}
\BOOKMARK [2][-]{subsection.3.2.2}{\376\377\0003\000.\0002\000.\0002\000\040\000Q\000u\000a\000n\000t\000u\000m\000\040\000M\000i\000c\000r\000o\000s\000c\000o\000p\000i\000c\000\040\000P\000o\000l\000a\000r\000i\000z\000a\000t\000i\000o\000n}{section.3.2}
\BOOKMARK [2][-]{subsection.3.2.3}{\376\377\0003\000.\0002\000.\0003\000\040\000H\000e\000i\000s\000e\000n\000b\000e\000r\000g\000'\000s\000\040\000E\000q\000u\000a\000t\000i\000o\000n\000\040\000o\000f\000\040\000M\000o\000t\000i\000o\000n}{section.3.2}
\BOOKMARK [2][-]{subsection.3.2.4}{\376\377\0003\000.\0002\000.\0004\000\040\000S\000o\000l\000v\000i\000n\000g\000\040\000t\000h\000e\000\040\000F\000r\000e\000e\000\040\000C\000a\000r\000r\000i\000e\000r\000\040\000E\000q\000u\000a\000t\000i\000o\000n}{section.3.2}
\BOOKMARK [1][-]{section.3.3}{\376\377\0003\000.\0003\000\040\000S\000p\000o\000n\000t\000a\000n\000e\000o\000u\000s\000\040\000E\000m\000i\000s\000s\000i\000o\000n}{chapter.3}
\BOOKMARK [1][-]{section.3.4}{\376\377\0003\000.\0004\000\040\000D\000i\000p\000o\000l\000e\000\040\000M\000a\000t\000r\000i\000x\000\040\000E\000l\000e\000m\000e\000n\000t}{chapter.3}
\BOOKMARK [0][]{chapter.4}{\376\377\0004\000\040\000C\000o\000u\000l\000o\000m\000b\000\040\000C\000o\000r\000r\000e\000l\000a\000t\000e\000d\000\040\000O\000p\000t\000i\000c\000a\000l\000\040\000T\000r\000a\000n\000s\000i\000t\000i\000o\000n\000s}{part.1}
\BOOKMARK [1][-]{section.4.1}{\376\377\0004\000.\0001\000\040\000S\000e\000c\000o\000n\000d\000\040\000Q\000u\000a\000n\000t\000i\000z\000a\000t\000i\000o\000n}{chapter.4}
\BOOKMARK [2][-]{subsection.4.1.1}{\376\377\0004\000.\0001\000.\0001\000\040\000I\000n\000t\000r\000o\000d\000u\000c\000t\000i\000o\000n}{section.4.1}
\BOOKMARK [2][-]{subsection.4.1.2}{\376\377\0004\000.\0001\000.\0002\000\040\000D\000i\000a\000g\000o\000n\000a\000l\000\040\000A\000p\000p\000r\000o\000x\000i\000m\000a\000t\000i\000o\000n}{section.4.1}
\BOOKMARK [2][-]{subsection.4.1.3}{\376\377\0004\000.\0001\000.\0003\000\040\000H\000o\000l\000e\000s}{section.4.1}
\BOOKMARK [1][-]{section.4.2}{\376\377\0004\000.\0002\000\040\000T\000r\000a\000n\000s\000i\000t\000i\000o\000n\000s\000\040\000C\000a\000l\000c\000u\000l\000a\000t\000i\000o\000n}{chapter.4}
\BOOKMARK [2][-]{subsection.4.2.1}{\376\377\0004\000.\0002\000.\0001\000\040\000E\000q\000u\000a\000t\000i\000o\000n\000s\000\040\000o\000f\000\040\000M\000o\000t\000i\000o\000n}{section.4.2}
\BOOKMARK [2][-]{subsection.4.2.2}{\376\377\0004\000.\0002\000.\0002\000\040\000H\000a\000r\000t\000r\000e\000e\000-\000F\000o\000c\000k\000\040\000A\000p\000p\000r\000o\000x\000i\000m\000a\000t\000i\000o\000n}{section.4.2}
\BOOKMARK [2][-]{subsection.4.2.3}{\376\377\0004\000.\0002\000.\0003\000\040\000M\000a\000n\000y\000-\000B\000o\000d\000y\000\040\000E\000f\000f\000e\000c\000t\000s}{section.4.2}
\BOOKMARK [2][-]{subsection.4.2.4}{\376\377\0004\000.\0002\000.\0004\000\040\000S\000o\000l\000v\000i\000n\000g\000\040\000t\000h\000e\000\040\000C\000o\000r\000r\000e\000l\000a\000t\000e\000d\000\040\000E\000q\000u\000a\000t\000i\000o\000n}{section.4.2}
\BOOKMARK [2][-]{subsection.4.2.5}{\376\377\0004\000.\0002\000.\0005\000\040\000N\000u\000m\000e\000r\000i\000c\000a\000l\000\040\000I\000m\000p\000l\000e\000m\000e\000n\000t\000a\000t\000i\000o\000n}{section.4.2}
\BOOKMARK [1][-]{section.4.3}{\376\377\0004\000.\0003\000\040\000B\000e\000y\000o\000n\000d\000\040\000t\000h\000e\000\040\000H\000a\000r\000t\000r\000e\000e\000-\000F\000o\000c\000k\000\040\000A\000p\000p\000r\000o\000x\000i\000m\000a\000t\000i\000o\000n}{chapter.4}
\BOOKMARK [0][]{chapter.5}{\376\377\0005\000\040\000S\000e\000m\000i\000c\000o\000n\000d\000u\000c\000t\000o\000r\000\040\000M\000i\000c\000r\000o\000c\000a\000v\000i\000t\000y}{part.1}
\BOOKMARK [1][-]{section.5.1}{\376\377\0005\000.\0001\000\040\000O\000p\000t\000i\000c\000a\000l\000\040\000R\000e\000s\000o\000n\000a\000t\000o\000r}{chapter.5}
\BOOKMARK [1][-]{section.5.2}{\376\377\0005\000.\0002\000\040\000D\000i\000s\000t\000r\000i\000b\000u\000t\000e\000d\000\040\000B\000r\000a\000g\000g\000\040\000R\000e\000f\000l\000e\000c\000t\000o\000r}{chapter.5}
\BOOKMARK [2][-]{subsection.5.2.1}{\376\377\0005\000.\0002\000.\0001\000\040\000T\000r\000a\000n\000s\000f\000e\000r\000\040\000M\000a\000t\000r\000i\000x\000\040\000M\000e\000t\000h\000o\000d\000\040\000\050\000T\000M\000M\000\051}{section.5.2}
\BOOKMARK [1][-]{section.5.3}{\376\377\0005\000.\0003\000\040\000M\000i\000c\000r\000o\000v\000i\000t\000y\000\040\000O\000p\000t\000i\000c\000a\000l\000\040\000C\000h\000a\000r\000a\000c\000t\000e\000r\000i\000s\000t\000i\000c\000s\000\040}{chapter.5}
\BOOKMARK [2][-]{subsection.5.3.1}{\376\377\0005\000.\0003\000.\0001\000\040\000M\000i\000c\000r\000o\000c\000a\000v\000i\000t\000y\000\040\000R\000e\000f\000l\000e\000c\000t\000i\000o\000n\000\040\000S\000p\000e\000c\000t\000r\000u\000m\000\040}{section.5.3}
\BOOKMARK [2][-]{subsection.5.3.2}{\376\377\0005\000.\0003\000.\0002\000\040\000M\000i\000c\000r\000o\000c\000a\000v\000i\000t\000y\000\040\000C\000o\000n\000f\000i\000n\000e\000d\000\040\000P\000h\000o\000t\000o\000n}{section.5.3}
\BOOKMARK [-1][]{part.2}{\376\377\000A\000p\000p\000e\000n\000d\000i\000c\000e\000s}{}
\BOOKMARK [0][]{appendix.A}{\376\377\000A\000\040\000S\000y\000m\000m\000e\000t\000r\000y\000\040\000P\000r\000o\000p\000e\000r\000t\000i\000e\000s\000\040\000o\000f\000\040\000W\000a\000v\000e\000f\000u\000n\000c\000t\000i\000o\000n\000s}{part.2}
\BOOKMARK [0][]{appendix.B}{\376\377\000B\000\040\000T\000w\000o\000\040\000B\000a\000n\000d\000\040\000M\000o\000d\000e\000l\000\040\000N\000u\000m\000e\000r\000i\000c\000a\000l\000\040\000I\000m\000p\000l\000e\000m\000e\000n\000t\000a\000t\000i\000o\000n}{part.2}
\BOOKMARK [0][]{appendix.C}{\376\377\000C\000\040\000S\000e\000l\000f\000-\000C\000o\000n\000s\000i\000s\000t\000e\000n\000t\000\040\000S\000o\000l\000u\000t\000i\000o\000n\000\040\000o\000f\000\040\000S\000c\000h\000r\000\366\000d\000i\000n\000g\000e\000r\000\040\000-\000P\000o\000i\000s\000s\000o\000n\000\040\000M\000o\000d\000e\000l}{part.2}
\BOOKMARK [0][]{appendix.D}{\376\377\000D\000\040\000L\000i\000n\000d\000h\000a\000r\000d\000\040\000S\000c\000r\000e\000e\000n\000i\000n\000g\000\040\000M\000o\000d\000e\000l}{part.2}
