This is pdfTeX, Version 3.1415926-1.40.10 (MiKTeX 2.8) (preloaded format=pdftex 2010.4.9)  10 APR 2010 17:56
entering extended mode
**C:/Users/Yossi*Michaeli/Documents/Thesis/Documents/Thesis/References/Thesis_3
.bib

("C:/Users/Yossi Michaeli/Documents/Thesis/Documents/Thesis/References/Thesis_3
.bib"
Missing character: There is no ï in font cmr10!
Missing character: There is no » in font cmr10!
Missing character: There is no ¿ in font cmr10!

! Missing $ inserted.
<inserted text> 
                $
<to be read again> 
                   _
l.2 @article{krebs_
                   krebs_1999,
? 
! Emergency stop.
<inserted text> 
                $
<to be read again> 
                   _
l.2 @article{krebs_
                   krebs_1999,
End of file on the terminal!

!  ==> Fatal error occurred, no output PDF file produced!
