This is pdfTeX, Version 3.1415926-1.40.10 (MiKTeX 2.8) (preloaded format=pdftex 2010.4.9)  14 APR 2010 23:55
entering extended mode
**C:/Users/Yossi*Michaeli/Documents/Thesis/Documents/Thesis/References/Thesis_N
ew.bib

("C:/Users/Yossi Michaeli/Documents/Thesis/Documents/Thesis/References/Thesis_N
ew.bib"
Missing character: There is no × in font cmr10!
Missing character: There is no  in font cmr10!
Missing character: There is no × in font cmr10!
Missing character: There is no ¤ in font cmr10!
Missing character: There is no × in font cmr10!
Missing character: There is no ¨ in font cmr10!
Missing character: There is no × in font cmr10!
Missing character: There is no ™ in font cmr10!
Missing character: There is no × in font cmr10!
Missing character: There is no œ in font cmr10!
Missing character: There is no × in font cmr10!
Missing character: There is no ¤ in font cmr10!
Missing character: There is no × in font cmr10!
Missing character: There is no ‘ in font cmr10!
Missing character: There is no × in font cmr10!
Missing character: There is no ¨ in font cmr10!
Missing character: There is no × in font cmr10!
Missing character: There is no • in font cmr10!
Missing character: There is no × in font cmr10!
Missing character: There is no  in font cmr10!
Missing character: There is no × in font cmr10!
Missing character: There is no ¨ in font cmr10!
Missing character: There is no × in font cmr10!
Missing character: There is no  in font cmr10!
Missing character: There is no × in font cmr10!
Missing character: There is no ¨ in font cmr10!
Missing character: There is no × in font cmr10!
Missing character: There is no ¥ in font cmr10!
Missing character: There is no Â in font cmr10!
Missing character: There is no ´ in font cmr10!
Missing character: There is no × in font cmr10!
Missing character: There is no  in font cmr10!
Missing character: There is no × in font cmr10!
Missing character: There is no • in font cmr10!
Missing character: There is no × in font cmr10!
Missing character: There is no § in font cmr10!
Missing character: There is no × in font cmr10!
Missing character: There is no ˜ in font cmr10!
Missing character: There is no × in font cmr10!
Missing character: There is no • in font cmr10!
Missing character: There is no × in font cmr10!
Missing character: There is no ‘ in font cmr10!
Missing character: There is no × in font cmr10!
Missing character: There is no ¨ in font cmr10!
Missing character: There is no × in font cmr10!
Missing character: There is no  in font cmr10!
Missing character: There is no × in font cmr10!
Missing character: There is no • in font cmr10!
Missing character: There is no × in font cmr10!
Missing character: There is no § in font cmr10!
Missing character: There is no × in font cmr10!
Missing character: There is no ˜ in font cmr10!
Missing character: There is no × in font cmr10!
Missing character: There is no • in font cmr10!
Missing character: There is no × in font cmr10!
Missing character: There is no ‘ in font cmr10!
Missing character: There is no × in font cmr10!
Missing character: There is no ¨ in font cmr10!
Missing character: There is no × in font cmr10!
Missing character: There is no  in font cmr10!
Missing character: There is no × in font cmr10!
Missing character: There is no ¨ in font cmr10!
Missing character: There is no × in font cmr10!
Missing character: There is no ¥ in font cmr10!
Missing character: There is no × in font cmr10!
Missing character: There is no ¤ in font cmr10!
Missing character: There is no × in font cmr10!
Missing character: There is no ‘ in font cmr10!
Missing character: There is no × in font cmr10!
Missing character: There is no ¨ in font cmr10!
Missing character: There is no × in font cmr10!
Missing character: There is no • in font cmr10!
Missing character: There is no × in font cmr10!
Missing character: There is no  in font cmr10!
Missing character: There is no × in font cmr10!
Missing character: There is no ¨ in font cmr10!
Missing character: There is no × in font cmr10!
Missing character: There is no   in font cmr10!
Missing character: There is no × in font cmr10!
Missing character: There is no • in font cmr10!
Missing character: There is no × in font cmr10!
Missing character: There is no ‘ in font cmr10!
Missing character: There is no × in font cmr10!
Missing character: There is no  in font cmr10!
Missing character: There is no × in font cmr10!
Missing character: There is no ‘ in font cmr10!
Missing character: There is no × in font cmr10!
Missing character: There is no ¨ in font cmr10!
Missing character: There is no × in font cmr10!
Missing character: There is no  in font cmr10!
Missing character: There is no × in font cmr10!
Missing character: There is no • in font cmr10!
Missing character: There is no × in font cmr10!
Missing character: There is no § in font cmr10!
Missing character: There is no × in font cmr10!
Missing character: There is no ˜ in font cmr10!
Missing character: There is no × in font cmr10!
Missing character: There is no • in font cmr10!
Missing character: There is no × in font cmr10!
Missing character: There is no ‘ in font cmr10!
Missing character: There is no × in font cmr10!
Missing character: There is no ¨ in font cmr10!
Missing character: There is no × in font cmr10!
Missing character: There is no “ in font cmr10!
Missing character: There is no × in font cmr10!
Missing character: There is no ¦ in font cmr10!
Missing character: There is no × in font cmr10!
Missing character: There is no  in font cmr10!
Missing character: There is no × in font cmr10!
Missing character: There is no ‘ in font cmr10!
Missing character: There is no × in font cmr10!
Missing character: There is no ¨ in font cmr10!
Missing character: There is no × in font cmr10!
Missing character: There is no  in font cmr10!
Missing character: There is no × in font cmr10!
Missing character: There is no ¤ in font cmr10!
Missing character: There is no × in font cmr10!
Missing character: There is no ¨ in font cmr10!
Missing character: There is no × in font cmr10!
Missing character: There is no ™ in font cmr10!
Missing character: There is no × in font cmr10!
Missing character: There is no œ in font cmr10!
Missing character: There is no × in font cmr10!
Missing character: There is no  in font cmr10!
Missing character: There is no × in font cmr10!
Missing character: There is no  in font cmr10!
Missing character: There is no × in font cmr10!
Missing character: There is no ™ in font cmr10!
Missing character: There is no × in font cmr10!
Missing character: There is no ™ in font cmr10!
Missing character: There is no × in font cmr10!
Missing character: There is no   in font cmr10!
Missing character: There is no × in font cmr10!
Missing character: There is no • in font cmr10!
Missing character: There is no × in font cmr10!
Missing character: There is no  in font cmr10!
Missing character: There is no × in font cmr10!
Missing character: There is no ¨ in font cmr10!
Missing character: There is no × in font cmr10!
Missing character: There is no ™ in font cmr10!
Missing character: There is no × in font cmr10!
Missing character: There is no • in font cmr10!
Missing character: There is no × in font cmr10!
Missing character: There is no œ in font cmr10!
Missing character: There is no × in font cmr10!
Missing character: There is no ™ in font cmr10!
Missing character: There is no × in font cmr10!
Missing character: There is no ™ in font cmr10!
Missing character: There is no × in font cmr10!
Missing character: There is no • in font cmr10!
Missing character: There is no × in font cmr10!
Missing character: There is no   in font cmr10!
Missing character: There is no × in font cmr10!
Missing character: There is no ™ in font cmr10!
Missing character: There is no × in font cmr10!
Missing character: There is no  in font cmr10!
Missing character: There is no × in font cmr10!
Missing character: There is no • in font cmr10!
Missing character: There is no × in font cmr10!
Missing character: There is no § in font cmr10!
Missing character: There is no × in font cmr10!
Missing character: There is no ˜ in font cmr10!
Missing character: There is no × in font cmr10!
Missing character: There is no • in font cmr10!
Missing character: There is no × in font cmr10!
Missing character: There is no ‘ in font cmr10!
Missing character: There is no × in font cmr10!
Missing character: There is no ¨ in font cmr10!
Missing character: There is no × in font cmr10!
Missing character: There is no   in font cmr10!
Missing character: There is no × in font cmr10!
Missing character: There is no • in font cmr10!
Missing character: There is no × in font cmr10!
Missing character: There is no ‘ in font cmr10!
Missing character: There is no × in font cmr10!
Missing character: There is no  in font cmr10!
Missing character: There is no × in font cmr10!
Missing character: There is no ‘ in font cmr10!
Missing character: There is no × in font cmr10!
Missing character: There is no ¨ in font cmr10!
Missing character: There is no × in font cmr10!
Missing character: There is no “ in font cmr10!
Missing character: There is no × in font cmr10!
Missing character: There is no ¦ in font cmr10!
Missing character: There is no × in font cmr10!
Missing character: There is no  in font cmr10!
Missing character: There is no × in font cmr10!
Missing character: There is no ‘ in font cmr10!
Missing character: There is no × in font cmr10!
Missing character: There is no ¨ in font cmr10!
Missing character: There is no × in font cmr10!
Missing character: There is no ™ in font cmr10!
Missing character: There is no × in font cmr10!
Missing character: There is no • in font cmr10!
Missing character: There is no × in font cmr10!
Missing character: There is no   in font cmr10!
Missing character: There is no × in font cmr10!
Missing character: There is no ™ in font cmr10!
Missing character: There is no × in font cmr10!
Missing character: There is no  in font cmr10!
Missing character: There is no × in font cmr10!
Missing character: There is no  in font cmr10!
Missing character: There is no × in font cmr10!
Missing character: There is no ™ in font cmr10!
Missing character: There is no × in font cmr10!
Missing character: There is no ™ in font cmr10!
Missing character: There is no × in font cmr10!
Missing character: There is no • in font cmr10!
Missing character: There is no × in font cmr10!
Missing character: There is no œ in font cmr10!
Missing character: There is no × in font cmr10!
Missing character: There is no ™ in font cmr10!
Missing character: There is no × in font cmr10!
Missing character: There is no ™ in font cmr10!
Missing character: There is no × in font cmr10!
Missing character: There is no • in font cmr10!
Missing character: There is no × in font cmr10!
Missing character: There is no œ in font cmr10!
Missing character: There is no × in font cmr10!
Missing character: There is no ™ in font cmr10!

! Missing $ inserted.
<inserted text> 
                $
<to be read again> 
                   _
l.626 @inproceedings{koch_
                          microscopic_2002,
? 
! Emergency stop.
<inserted text> 
                $
<to be read again> 
                   _
l.626 @inproceedings{koch_
                          microscopic_2002,
End of file on the terminal!

!  ==> Fatal error occurred, no output PDF file produced!
