This is pdfTeX, Version 3.1415926-1.40.10 (MiKTeX 2.8) (preloaded format=pdftex 2010.4.9)  10 APR 2010 22:57
entering extended mode
**C:/Users/Yossi*Michaeli/Documents/Thesis/Documents/Thesis/References/Zotero*-
*Thesis.bib

("C:/Users/Yossi Michaeli/Documents/Thesis/Documents/Thesis/References/Zotero -
 Thesis.bib"
Missing character: There is no × in font cmr10!
Missing character: There is no   in font cmr10!
Missing character: There is no × in font cmr10!
Missing character: There is no • in font cmr10!
Missing character: There is no × in font cmr10!
Missing character: There is no ‘ in font cmr10!
Missing character: There is no × in font cmr10!
Missing character: There is no  in font cmr10!
Missing character: There is no × in font cmr10!
Missing character: There is no ‘ in font cmr10!
Missing character: There is no × in font cmr10!
Missing character: There is no ¨ in font cmr10!
Missing character: There is no Ã in font cmr10!
Missing character: There is no — in font cmr10!
Missing character: There is no Ã in font cmr10!
Missing character: There is no — in font cmr10!
Missing character: There is no × in font cmr10!
Missing character: There is no  in font cmr10!
Missing character: There is no × in font cmr10!
Missing character: There is no ¤ in font cmr10!
Missing character: There is no × in font cmr10!
Missing character: There is no ¨ in font cmr10!
Missing character: There is no × in font cmr10!
Missing character: There is no ™ in font cmr10!
Missing character: There is no × in font cmr10!
Missing character: There is no œ in font cmr10!
Missing character: There is no × in font cmr10!
Missing character: There is no ¤ in font cmr10!
Missing character: There is no × in font cmr10!
Missing character: There is no ‘ in font cmr10!
Missing character: There is no × in font cmr10!
Missing character: There is no ¨ in font cmr10!
Missing character: There is no × in font cmr10!
Missing character: There is no • in font cmr10!
Missing character: There is no × in font cmr10!
Missing character: There is no  in font cmr10!
Missing character: There is no × in font cmr10!
Missing character: There is no ¨ in font cmr10!
Missing character: There is no â in font cmr10!
Missing character: There is no ˆ in font cmr10!
Missing character: There is no ™ in font cmr10!
Missing character: There is no â in font cmr10!
Missing character: There is no ˆ in font cmr10!
Missing character: There is no ™ in font cmr10!
Missing character: There is no × in font cmr10!
Missing character: There is no  in font cmr10!
Missing character: There is no × in font cmr10!
Missing character: There is no ¨ in font cmr10!
Missing character: There is no × in font cmr10!
Missing character: There is no ¥ in font cmr10!
Missing character: There is no Â in font cmr10!
Missing character: There is no ´ in font cmr10!
Missing character: There is no â in font cmr10!
Missing character: There is no ˆ in font cmr10!
Missing character: There is no ™ in font cmr10!
Missing character: There is no â in font cmr10!
Missing character: There is no ˆ in font cmr10!
Missing character: There is no ™ in font cmr10!
Missing character: There is no Ã in font cmr10!
Missing character: There is no — in font cmr10!
Missing character: There is no Ã in font cmr10!
Missing character: There is no — in font cmr10!
Missing character: There is no â in font cmr10!
Missing character: There is no ˆ in font cmr10!
Missing character: There is no ™ in font cmr10!
Missing character: There is no Ã in font cmr10!
Missing character: There is no — in font cmr10!
Missing character: There is no Ã in font cmr10!
Missing character: There is no — in font cmr10!
Missing character: There is no â in font cmr10!
Missing character: There is no ˆ in font cmr10!
Missing character: There is no ™ in font cmr10!
Missing character: There is no × in font cmr10!
Missing character: There is no  in font cmr10!
Missing character: There is no × in font cmr10!
Missing character: There is no • in font cmr10!
Missing character: There is no × in font cmr10!
Missing character: There is no § in font cmr10!
Missing character: There is no × in font cmr10!
Missing character: There is no ˜ in font cmr10!
Missing character: There is no × in font cmr10!
Missing character: There is no • in font cmr10!
Missing character: There is no × in font cmr10!
Missing character: There is no ‘ in font cmr10!
Missing character: There is no × in font cmr10!
Missing character: There is no ¨ in font cmr10!
Missing character: There is no × in font cmr10!
Missing character: There is no  in font cmr10!
Missing character: There is no × in font cmr10!
Missing character: There is no • in font cmr10!
Missing character: There is no × in font cmr10!
Missing character: There is no § in font cmr10!
Missing character: There is no × in font cmr10!
Missing character: There is no ˜ in font cmr10!
Missing character: There is no × in font cmr10!
Missing character: There is no • in font cmr10!
Missing character: There is no × in font cmr10!
Missing character: There is no ‘ in font cmr10!
Missing character: There is no × in font cmr10!
Missing character: There is no ¨ in font cmr10!
Missing character: There is no â in font cmr10!
Missing character: There is no € in font cmr10!
Missing character: There is no “ in font cmr10!
Missing character: There is no × in font cmr10!
Missing character: There is no  in font cmr10!
Missing character: There is no × in font cmr10!
Missing character: There is no • in font cmr10!
Missing character: There is no × in font cmr10!
Missing character: There is no § in font cmr10!
Missing character: There is no × in font cmr10!
Missing character: There is no ˜ in font cmr10!
Missing character: There is no × in font cmr10!
Missing character: There is no • in font cmr10!
Missing character: There is no × in font cmr10!
Missing character: There is no ‘ in font cmr10!
Missing character: There is no × in font cmr10!
Missing character: There is no ¨ in font cmr10!
Missing character: There is no Â in font cmr10!
Missing character: There is no · in font cmr10!
Missing character: There is no × in font cmr10!
Missing character: There is no ™ in font cmr10!
Missing character: There is no × in font cmr10!
Missing character: There is no   in font cmr10!
Missing character: There is no × in font cmr10!
Missing character: There is no • in font cmr10!
Missing character: There is no × in font cmr10!
Missing character: There is no  in font cmr10!
Missing character: There is no × in font cmr10!
Missing character: There is no ¨ in font cmr10!
Missing character: There is no â in font cmr10!
Missing character: There is no € in font cmr10!
Missing character: There is no ˜ in font cmr10!
Missing character: There is no â in font cmr10!
Missing character: There is no € in font cmr10!
Missing character: There is no ˜ in font cmr10!
Missing character: There is no â in font cmr10!
Missing character: There is no € in font cmr10!
Missing character: There is no ™ in font cmr10!
Missing character: There is no â in font cmr10!
Missing character: There is no € in font cmr10!
Missing character: There is no ™ in font cmr10!
Missing character: There is no × in font cmr10!
Missing character: There is no ¤ in font cmr10!
Missing character: There is no × in font cmr10!
Missing character: There is no ‘ in font cmr10!
Missing character: There is no × in font cmr10!
Missing character: There is no ¨ in font cmr10!
Missing character: There is no × in font cmr10!
Missing character: There is no • in font cmr10!
Missing character: There is no × in font cmr10!
Missing character: There is no  in font cmr10!
Missing character: There is no × in font cmr10!
Missing character: There is no ¨ in font cmr10!
Missing character: There is no â in font cmr10!
Missing character: There is no ‹ in font cmr10!
Missing character: There is no … in font cmr10!
Missing character: There is no â in font cmr10!
Missing character: There is no ‹ in font cmr10!
Missing character: There is no … in font cmr10!
Missing character: There is no â in font cmr10!
Missing character: There is no € in font cmr10!
Missing character: There is no “ in font cmr10!
Missing character: There is no × in font cmr10!
Missing character: There is no ™ in font cmr10!
Missing character: There is no × in font cmr10!
Missing character: There is no • in font cmr10!
Missing character: There is no × in font cmr10!
Missing character: There is no   in font cmr10!
Missing character: There is no × in font cmr10!
Missing character: There is no ™ in font cmr10!
Missing character: There is no × in font cmr10!
Missing character: There is no   in font cmr10!
Missing character: There is no × in font cmr10!
Missing character: There is no • in font cmr10!
Missing character: There is no × in font cmr10!
Missing character: There is no ‘ in font cmr10!
Missing character: There is no × in font cmr10!
Missing character: There is no  in font cmr10!
Missing character: There is no × in font cmr10!
Missing character: There is no ‘ in font cmr10!
Missing character: There is no × in font cmr10!
Missing character: There is no ¨ in font cmr10!
Missing character: There is no × in font cmr10!
Missing character: There is no  in font cmr10!
Missing character: There is no × in font cmr10!
Missing character: There is no • in font cmr10!
Missing character: There is no × in font cmr10!
Missing character: There is no § in font cmr10!
Missing character: There is no × in font cmr10!
Missing character: There is no ˜ in font cmr10!
Missing character: There is no × in font cmr10!
Missing character: There is no • in font cmr10!
Missing character: There is no × in font cmr10!
Missing character: There is no ‘ in font cmr10!
Missing character: There is no × in font cmr10!
Missing character: There is no ¨ in font cmr10!
Missing character: There is no × in font cmr10!
Missing character: There is no  in font cmr10!
Missing character: There is no × in font cmr10!
Missing character: There is no • in font cmr10!
Missing character: There is no × in font cmr10!
Missing character: There is no § in font cmr10!
Missing character: There is no × in font cmr10!
Missing character: There is no ˜ in font cmr10!
Missing character: There is no × in font cmr10!
Missing character: There is no • in font cmr10!
Missing character: There is no × in font cmr10!
Missing character: There is no ‘ in font cmr10!
Missing character: There is no × in font cmr10!
Missing character: There is no ¨ in font cmr10!
Missing character: There is no × in font cmr10!
Missing character: There is no “ in font cmr10!
Missing character: There is no × in font cmr10!
Missing character: There is no ¦ in font cmr10!
Missing character: There is no × in font cmr10!
Missing character: There is no  in font cmr10!
Missing character: There is no × in font cmr10!
Missing character: There is no ‘ in font cmr10!
Missing character: There is no × in font cmr10!
Missing character: There is no ¨ in font cmr10!
Missing character: There is no × in font cmr10!
Missing character: There is no  in font cmr10!
Missing character: There is no × in font cmr10!
Missing character: There is no ¤ in font cmr10!
Missing character: There is no × in font cmr10!
Missing character: There is no ¨ in font cmr10!
Missing character: There is no × in font cmr10!
Missing character: There is no ™ in font cmr10!
Missing character: There is no × in font cmr10!
Missing character: There is no œ in font cmr10!
Missing character: There is no × in font cmr10!
Missing character: There is no  in font cmr10!
Missing character: There is no × in font cmr10!
Missing character: There is no  in font cmr10!
Missing character: There is no × in font cmr10!
Missing character: There is no ™ in font cmr10!
Missing character: There is no × in font cmr10!
Missing character: There is no ™ in font cmr10!
Missing character: There is no × in font cmr10!
Missing character: There is no   in font cmr10!
Missing character: There is no × in font cmr10!
Missing character: There is no • in font cmr10!
Missing character: There is no × in font cmr10!
Missing character: There is no  in font cmr10!
Missing character: There is no × in font cmr10!
Missing character: There is no ¨ in font cmr10!
Missing character: There is no × in font cmr10!
Missing character: There is no ™ in font cmr10!
Missing character: There is no × in font cmr10!
Missing character: There is no   in font cmr10!
Missing character: There is no × in font cmr10!
Missing character: There is no • in font cmr10!
Missing character: There is no × in font cmr10!
Missing character: There is no  in font cmr10!
Missing character: There is no × in font cmr10!
Missing character: There is no ¨ in font cmr10!
Missing character: There is no Ì in font cmr10!
Missing character: There is no ‡ in font cmr10!
Missing character: There is no â in font cmr10!
Missing character: There is no ‰ in font cmr10!
Missing character: There is no   in font cmr10!
Missing character: There is no Ì in font cmr10!
Missing character: There is no ‡ in font cmr10!
Missing character: There is no × in font cmr10!
Missing character: There is no ™ in font cmr10!
Missing character: There is no × in font cmr10!
Missing character: There is no • in font cmr10!
Missing character: There is no × in font cmr10!
Missing character: There is no œ in font cmr10!
Missing character: There is no × in font cmr10!
Missing character: There is no ™ in font cmr10!
Missing character: There is no â in font cmr10!
Missing character: There is no ˆ in font cmr10!
Missing character: There is no ’ in font cmr10!
Missing character: There is no × in font cmr10!
Missing character: There is no   in font cmr10!
Missing character: There is no × in font cmr10!
Missing character: There is no • in font cmr10!
Missing character: There is no × in font cmr10!
Missing character: There is no ‘ in font cmr10!
Missing character: There is no × in font cmr10!
Missing character: There is no  in font cmr10!
Missing character: There is no × in font cmr10!
Missing character: There is no ‘ in font cmr10!
Missing character: There is no × in font cmr10!
Missing character: There is no ¨ in font cmr10!
Missing character: There is no × in font cmr10!
Missing character: There is no ™ in font cmr10!
Missing character: There is no × in font cmr10!
Missing character: There is no • in font cmr10!
Missing character: There is no × in font cmr10!
Missing character: There is no   in font cmr10!
Missing character: There is no × in font cmr10!
Missing character: There is no ™ in font cmr10!
Missing character: There is no Ã in font cmr10!
Missing character: There is no — in font cmr10!
Missing character: There is no â in font cmr10!
Missing character: There is no € in font cmr10!
Missing character: There is no “ in font cmr10!
Missing character: There is no × in font cmr10!
Missing character: There is no  in font cmr10!
Missing character: There is no × in font cmr10!
Missing character: There is no • in font cmr10!
Missing character: There is no × in font cmr10!
Missing character: There is no § in font cmr10!
Missing character: There is no × in font cmr10!
Missing character: There is no ˜ in font cmr10!
Missing character: There is no × in font cmr10!
Missing character: There is no • in font cmr10!
Missing character: There is no × in font cmr10!
Missing character: There is no ‘ in font cmr10!
Missing character: There is no × in font cmr10!
Missing character: There is no ¨ in font cmr10!
Missing character: There is no × in font cmr10!
Missing character: There is no “ in font cmr10!
Missing character: There is no × in font cmr10!
Missing character: There is no ¦ in font cmr10!
Missing character: There is no × in font cmr10!
Missing character: There is no  in font cmr10!
Missing character: There is no × in font cmr10!
Missing character: There is no ‘ in font cmr10!
Missing character: There is no × in font cmr10!
Missing character: There is no ¨ in font cmr10!
Missing character: There is no × in font cmr10!
Missing character: There is no ™ in font cmr10!
Missing character: There is no × in font cmr10!
Missing character: There is no • in font cmr10!
Missing character: There is no × in font cmr10!
Missing character: There is no   in font cmr10!
Missing character: There is no × in font cmr10!
Missing character: There is no ™ in font cmr10!
Missing character: There is no × in font cmr10!
Missing character: There is no  in font cmr10!
Missing character: There is no × in font cmr10!
Missing character: There is no  in font cmr10!
Missing character: There is no × in font cmr10!
Missing character: There is no ™ in font cmr10!
Missing character: There is no â in font cmr10!
Missing character: There is no ƒ in font cmr10!
Missing character: There is no — in font cmr10!
Missing character: There is no Â in font cmr10!
Missing character: There is no · in font cmr10!
Missing character: There is no â in font cmr10!
Missing character: There is no ƒ in font cmr10!
Missing character: There is no — in font cmr10!
Missing character: There is no â in font cmr10!
Missing character: There is no ƒ in font cmr10!
Missing character: There is no — in font cmr10!
Missing character: There is no â in font cmr10!
Missing character: There is no ‰ in font cmr10!
Missing character: There is no ² in font cmr10!
Missing character: There is no â in font cmr10!
Missing character: There is no ‰ in font cmr10!
Missing character: There is no ¥ in font cmr10!
Missing character: There is no × in font cmr10!
Missing character: There is no ™ in font cmr10!
Missing character: There is no × in font cmr10!
Missing character: There is no • in font cmr10!
Missing character: There is no × in font cmr10!
Missing character: There is no œ in font cmr10!
Missing character: There is no × in font cmr10!
Missing character: There is no ™ in font cmr10!
Missing character: There is no × in font cmr10!
Missing character: There is no ™ in font cmr10!
Missing character: There is no × in font cmr10!
Missing character: There is no • in font cmr10!
Missing character: There is no × in font cmr10!
Missing character: There is no œ in font cmr10!
Missing character: There is no × in font cmr10!
Missing character: There is no ™ in font cmr10!

! Missing $ inserted.
<inserted text> 
                $
<to be read again> 
                   _
l.792 @book{haug_
                 quantum_1994,
? 
! Emergency stop.
<inserted text> 
                $
<to be read again> 
                   _
l.792 @book{haug_
                 quantum_1994,
End of file on the terminal!

!  ==> Fatal error occurred, no output PDF file produced!
